multiArrayAdd.cpp: In function ‘int main(int, char**)’:
multiArrayAdd.cpp:151:23: warning: deprecated conversion from string constant to ‘char*’ [-Wwrite-strings]
  char *options = { "" };
                       ^
clEnqueueNDRangeKernel failed: -52
      64	  32	        32	     0.023 GigaMultsPerSecond
multiArrayAdd.cpp: In function ‘int main(int, char**)’:
multiArrayAdd.cpp:151:23: warning: deprecated conversion from string constant to ‘char*’ [-Wwrite-strings]
  char *options = { "" };
                       ^
clEnqueueNDRangeKernel failed: -52
      64	  32	        64	     0.010 GigaMultsPerSecond
multiArrayAdd.cpp: In function ‘int main(int, char**)’:
multiArrayAdd.cpp:151:23: warning: deprecated conversion from string constant to ‘char*’ [-Wwrite-strings]
  char *options = { "" };
                       ^
clEnqueueNDRangeKernel failed: -52
      64	  32	       128	     0.020 GigaMultsPerSecond
multiArrayAdd.cpp: In function ‘int main(int, char**)’:
multiArrayAdd.cpp:151:23: warning: deprecated conversion from string constant to ‘char*’ [-Wwrite-strings]
  char *options = { "" };
                       ^
clEnqueueNDRangeKernel failed: -52
      64	  32	       256	     0.037 GigaMultsPerSecond
multiArrayAdd.cpp: In function ‘int main(int, char**)’:
multiArrayAdd.cpp:151:23: warning: deprecated conversion from string constant to ‘char*’ [-Wwrite-strings]
  char *options = { "" };
                       ^
clEnqueueNDRangeKernel failed: -52
      64	  32	       512	     0.081 GigaMultsPerSecond
multiArrayAdd.cpp: In function ‘int main(int, char**)’:
multiArrayAdd.cpp:151:23: warning: deprecated conversion from string constant to ‘char*’ [-Wwrite-strings]
  char *options = { "" };
                       ^
clEnqueueNDRangeKernel failed: -52
      64	  32	      1024	     0.161 GigaMultsPerSecond
multiArrayAdd.cpp: In function ‘int main(int, char**)’:
multiArrayAdd.cpp:151:23: warning: deprecated conversion from string constant to ‘char*’ [-Wwrite-strings]
  char *options = { "" };
                       ^
clEnqueueNDRangeKernel failed: -52
      64	  32	      2048	     0.291 GigaMultsPerSecond
multiArrayAdd.cpp: In function ‘int main(int, char**)’:
multiArrayAdd.cpp:151:23: warning: deprecated conversion from string constant to ‘char*’ [-Wwrite-strings]
  char *options = { "" };
                       ^
clEnqueueNDRangeKernel failed: -52
      64	  32	      4096	     0.573 GigaMultsPerSecond
multiArrayAdd.cpp: In function ‘int main(int, char**)’:
multiArrayAdd.cpp:151:23: warning: deprecated conversion from string constant to ‘char*’ [-Wwrite-strings]
  char *options = { "" };
                       ^
clEnqueueNDRangeKernel failed: -52
      64	  32	      8192	     0.233 GigaMultsPerSecond
multiArrayAdd.cpp: In function ‘int main(int, char**)’:
multiArrayAdd.cpp:151:23: warning: deprecated conversion from string constant to ‘char*’ [-Wwrite-strings]
  char *options = { "" };
                       ^
clEnqueueNDRangeKernel failed: -52
      64	  32	     16384	     0.963 GigaMultsPerSecond
multiArrayAdd.cpp: In function ‘int main(int, char**)’:
multiArrayAdd.cpp:151:23: warning: deprecated conversion from string constant to ‘char*’ [-Wwrite-strings]
  char *options = { "" };
                       ^
clEnqueueNDRangeKernel failed: -52
      64	  32	     32768	     3.873 GigaMultsPerSecond
multiArrayAdd.cpp: In function ‘int main(int, char**)’:
multiArrayAdd.cpp:151:23: warning: deprecated conversion from string constant to ‘char*’ [-Wwrite-strings]
  char *options = { "" };
                       ^
clEnqueueNDRangeKernel failed: -52
      64	  32	     65536	     4.222 GigaMultsPerSecond
multiArrayAdd.cpp: In function ‘int main(int, char**)’:
multiArrayAdd.cpp:151:23: warning: deprecated conversion from string constant to ‘char*’ [-Wwrite-strings]
  char *options = { "" };
                       ^
clEnqueueNDRangeKernel failed: -52
      64	  32	    131072	     2.496 GigaMultsPerSecond
multiArrayAdd.cpp: In function ‘int main(int, char**)’:
multiArrayAdd.cpp:151:23: warning: deprecated conversion from string constant to ‘char*’ [-Wwrite-strings]
  char *options = { "" };
                       ^
clEnqueueNDRangeKernel failed: -54
      64	  32	    262143	    44.384 GigaMultsPerSecond
multiArrayAdd.cpp: In function ‘int main(int, char**)’:
multiArrayAdd.cpp:151:23: warning: deprecated conversion from string constant to ‘char*’ [-Wwrite-strings]
  char *options = { "" };
                       ^
clEnqueueNDRangeKernel failed: -52
      64	  64	        16	     0.029 GigaMultsPerSecond
multiArrayAdd.cpp: In function ‘int main(int, char**)’:
multiArrayAdd.cpp:151:23: warning: deprecated conversion from string constant to ‘char*’ [-Wwrite-strings]
  char *options = { "" };
                       ^
clEnqueueNDRangeKernel failed: -52
      64	  64	        32	     0.010 GigaMultsPerSecond
multiArrayAdd.cpp: In function ‘int main(int, char**)’:
multiArrayAdd.cpp:151:23: warning: deprecated conversion from string constant to ‘char*’ [-Wwrite-strings]
  char *options = { "" };
                       ^
clEnqueueNDRangeKernel failed: -52
      64	  64	        64	     0.021 GigaMultsPerSecond
multiArrayAdd.cpp: In function ‘int main(int, char**)’:
multiArrayAdd.cpp:151:23: warning: deprecated conversion from string constant to ‘char*’ [-Wwrite-strings]
  char *options = { "" };
                       ^
clEnqueueNDRangeKernel failed: -52
      64	  64	       128	     0.121 GigaMultsPerSecond
multiArrayAdd.cpp: In function ‘int main(int, char**)’:
multiArrayAdd.cpp:151:23: warning: deprecated conversion from string constant to ‘char*’ [-Wwrite-strings]
  char *options = { "" };
                       ^
clEnqueueNDRangeKernel failed: -52
      64	  64	       256	     0.080 GigaMultsPerSecond
multiArrayAdd.cpp: In function ‘int main(int, char**)’:
multiArrayAdd.cpp:151:23: warning: deprecated conversion from string constant to ‘char*’ [-Wwrite-strings]
  char *options = { "" };
                       ^
clEnqueueNDRangeKernel failed: -52
      64	  64	       512	     0.144 GigaMultsPerSecond
multiArrayAdd.cpp: In function ‘int main(int, char**)’:
multiArrayAdd.cpp:151:23: warning: deprecated conversion from string constant to ‘char*’ [-Wwrite-strings]
  char *options = { "" };
                       ^
clEnqueueNDRangeKernel failed: -52
      64	  64	      1024	     0.285 GigaMultsPerSecond
multiArrayAdd.cpp: In function ‘int main(int, char**)’:
multiArrayAdd.cpp:151:23: warning: deprecated conversion from string constant to ‘char*’ [-Wwrite-strings]
  char *options = { "" };
                       ^
clEnqueueNDRangeKernel failed: -52
      64	  64	      2048	     0.543 GigaMultsPerSecond
multiArrayAdd.cpp: In function ‘int main(int, char**)’:
multiArrayAdd.cpp:151:23: warning: deprecated conversion from string constant to ‘char*’ [-Wwrite-strings]
  char *options = { "" };
                       ^
clEnqueueNDRangeKernel failed: -52
      64	  64	      4096	     0.523 GigaMultsPerSecond
multiArrayAdd.cpp: In function ‘int main(int, char**)’:
multiArrayAdd.cpp:151:23: warning: deprecated conversion from string constant to ‘char*’ [-Wwrite-strings]
  char *options = { "" };
                       ^
clEnqueueNDRangeKernel failed: -52
      64	  64	      8192	     1.025 GigaMultsPerSecond
multiArrayAdd.cpp: In function ‘int main(int, char**)’:
multiArrayAdd.cpp:151:23: warning: deprecated conversion from string constant to ‘char*’ [-Wwrite-strings]
  char *options = { "" };
                       ^
clEnqueueNDRangeKernel failed: -52
      64	  64	     16384	     0.043 GigaMultsPerSecond
multiArrayAdd.cpp: In function ‘int main(int, char**)’:
multiArrayAdd.cpp:151:23: warning: deprecated conversion from string constant to ‘char*’ [-Wwrite-strings]
  char *options = { "" };
                       ^
clEnqueueNDRangeKernel failed: -52
      64	  64	     32768	     6.514 GigaMultsPerSecond
multiArrayAdd.cpp: In function ‘int main(int, char**)’:
multiArrayAdd.cpp:151:23: warning: deprecated conversion from string constant to ‘char*’ [-Wwrite-strings]
  char *options = { "" };
                       ^
clEnqueueNDRangeKernel failed: -52
      64	  64	     65536	     0.257 GigaMultsPerSecond
multiArrayAdd.cpp: In function ‘int main(int, char**)’:
multiArrayAdd.cpp:151:23: warning: deprecated conversion from string constant to ‘char*’ [-Wwrite-strings]
  char *options = { "" };
                       ^
clEnqueueNDRangeKernel failed: -54
      64	  64	    131071	   354.140 GigaMultsPerSecond
multiArrayAdd.cpp: In function ‘int main(int, char**)’:
multiArrayAdd.cpp:151:23: warning: deprecated conversion from string constant to ‘char*’ [-Wwrite-strings]
  char *options = { "" };
                       ^
clEnqueueNDRangeKernel failed: -52
      64	 128	         8	     0.030 GigaMultsPerSecond
multiArrayAdd.cpp: In function ‘int main(int, char**)’:
multiArrayAdd.cpp:151:23: warning: deprecated conversion from string constant to ‘char*’ [-Wwrite-strings]
  char *options = { "" };
                       ^
clEnqueueNDRangeKernel failed: -52
      64	 128	        16	     0.010 GigaMultsPerSecond
multiArrayAdd.cpp: In function ‘int main(int, char**)’:
multiArrayAdd.cpp:151:23: warning: deprecated conversion from string constant to ‘char*’ [-Wwrite-strings]
  char *options = { "" };
                       ^
clEnqueueNDRangeKernel failed: -52
      64	 128	        32	     0.019 GigaMultsPerSecond
multiArrayAdd.cpp: In function ‘int main(int, char**)’:
multiArrayAdd.cpp:151:23: warning: deprecated conversion from string constant to ‘char*’ [-Wwrite-strings]
  char *options = { "" };
                       ^
clEnqueueNDRangeKernel failed: -52
      64	 128	        64	     0.041 GigaMultsPerSecond
multiArrayAdd.cpp: In function ‘int main(int, char**)’:
multiArrayAdd.cpp:151:23: warning: deprecated conversion from string constant to ‘char*’ [-Wwrite-strings]
  char *options = { "" };
                       ^
clEnqueueNDRangeKernel failed: -52
      64	 128	       128	     0.063 GigaMultsPerSecond
multiArrayAdd.cpp: In function ‘int main(int, char**)’:
multiArrayAdd.cpp:151:23: warning: deprecated conversion from string constant to ‘char*’ [-Wwrite-strings]
  char *options = { "" };
                       ^
clEnqueueNDRangeKernel failed: -52
      64	 128	       256	     0.155 GigaMultsPerSecond
multiArrayAdd.cpp: In function ‘int main(int, char**)’:
multiArrayAdd.cpp:151:23: warning: deprecated conversion from string constant to ‘char*’ [-Wwrite-strings]
  char *options = { "" };
                       ^
clEnqueueNDRangeKernel failed: -52
      64	 128	       512	     0.311 GigaMultsPerSecond
multiArrayAdd.cpp: In function ‘int main(int, char**)’:
multiArrayAdd.cpp:151:23: warning: deprecated conversion from string constant to ‘char*’ [-Wwrite-strings]
  char *options = { "" };
                       ^
clEnqueueNDRangeKernel failed: -52
      64	 128	      1024	     0.498 GigaMultsPerSecond
multiArrayAdd.cpp: In function ‘int main(int, char**)’:
multiArrayAdd.cpp:151:23: warning: deprecated conversion from string constant to ‘char*’ [-Wwrite-strings]
  char *options = { "" };
                       ^
clEnqueueNDRangeKernel failed: -52
      64	 128	      2048	     0.590 GigaMultsPerSecond
multiArrayAdd.cpp: In function ‘int main(int, char**)’:
multiArrayAdd.cpp:151:23: warning: deprecated conversion from string constant to ‘char*’ [-Wwrite-strings]
  char *options = { "" };
                       ^
clEnqueueNDRangeKernel failed: -52
      64	 128	      4096	     1.046 GigaMultsPerSecond
multiArrayAdd.cpp: In function ‘int main(int, char**)’:
multiArrayAdd.cpp:151:23: warning: deprecated conversion from string constant to ‘char*’ [-Wwrite-strings]
  char *options = { "" };
                       ^
clEnqueueNDRangeKernel failed: -52
      64	 128	      8192	     2.126 GigaMultsPerSecond
multiArrayAdd.cpp: In function ‘int main(int, char**)’:
multiArrayAdd.cpp:151:23: warning: deprecated conversion from string constant to ‘char*’ [-Wwrite-strings]
  char *options = { "" };
                       ^
clEnqueueNDRangeKernel failed: -52
      64	 128	     16384	     0.106 GigaMultsPerSecond
multiArrayAdd.cpp: In function ‘int main(int, char**)’:
multiArrayAdd.cpp:151:23: warning: deprecated conversion from string constant to ‘char*’ [-Wwrite-strings]
  char *options = { "" };
                       ^
clEnqueueNDRangeKernel failed: -52
      64	 128	     32768	     0.277 GigaMultsPerSecond
multiArrayAdd.cpp: In function ‘int main(int, char**)’:
multiArrayAdd.cpp:151:23: warning: deprecated conversion from string constant to ‘char*’ [-Wwrite-strings]
  char *options = { "" };
                       ^
clEnqueueNDRangeKernel failed: -54
      64	 128	     65535	    41.638 GigaMultsPerSecond
multiArrayAdd.cpp: In function ‘int main(int, char**)’:
multiArrayAdd.cpp:151:23: warning: deprecated conversion from string constant to ‘char*’ [-Wwrite-strings]
  char *options = { "" };
                       ^
clEnqueueNDRangeKernel failed: -52
      64	 256	         4	     0.023 GigaMultsPerSecond
multiArrayAdd.cpp: In function ‘int main(int, char**)’:
multiArrayAdd.cpp:151:23: warning: deprecated conversion from string constant to ‘char*’ [-Wwrite-strings]
  char *options = { "" };
                       ^
clEnqueueNDRangeKernel failed: -52
      64	 256	         8	     0.010 GigaMultsPerSecond
multiArrayAdd.cpp: In function ‘int main(int, char**)’:
multiArrayAdd.cpp:151:23: warning: deprecated conversion from string constant to ‘char*’ [-Wwrite-strings]
  char *options = { "" };
                       ^
clEnqueueNDRangeKernel failed: -52
      64	 256	        16	     0.020 GigaMultsPerSecond
multiArrayAdd.cpp: In function ‘int main(int, char**)’:
multiArrayAdd.cpp:151:23: warning: deprecated conversion from string constant to ‘char*’ [-Wwrite-strings]
  char *options = { "" };
                       ^
clEnqueueNDRangeKernel failed: -52
      64	 256	        32	     0.040 GigaMultsPerSecond
multiArrayAdd.cpp: In function ‘int main(int, char**)’:
multiArrayAdd.cpp:151:23: warning: deprecated conversion from string constant to ‘char*’ [-Wwrite-strings]
  char *options = { "" };
                       ^
clEnqueueNDRangeKernel failed: -52
      64	 256	        64	     0.082 GigaMultsPerSecond
multiArrayAdd.cpp: In function ‘int main(int, char**)’:
multiArrayAdd.cpp:151:23: warning: deprecated conversion from string constant to ‘char*’ [-Wwrite-strings]
  char *options = { "" };
                       ^
clEnqueueNDRangeKernel failed: -52
      64	 256	       128	     0.117 GigaMultsPerSecond
multiArrayAdd.cpp: In function ‘int main(int, char**)’:
multiArrayAdd.cpp:151:23: warning: deprecated conversion from string constant to ‘char*’ [-Wwrite-strings]
  char *options = { "" };
                       ^
clEnqueueNDRangeKernel failed: -52
      64	 256	       256	     0.218 GigaMultsPerSecond
multiArrayAdd.cpp: In function ‘int main(int, char**)’:
multiArrayAdd.cpp:151:23: warning: deprecated conversion from string constant to ‘char*’ [-Wwrite-strings]
  char *options = { "" };
                       ^
clEnqueueNDRangeKernel failed: -52
      64	 256	       512	     3.099 GigaMultsPerSecond
multiArrayAdd.cpp: In function ‘int main(int, char**)’:
multiArrayAdd.cpp:151:23: warning: deprecated conversion from string constant to ‘char*’ [-Wwrite-strings]
  char *options = { "" };
                       ^
clEnqueueNDRangeKernel failed: -52
      64	 256	      1024	     0.554 GigaMultsPerSecond
multiArrayAdd.cpp: In function ‘int main(int, char**)’:
multiArrayAdd.cpp:151:23: warning: deprecated conversion from string constant to ‘char*’ [-Wwrite-strings]
  char *options = { "" };
                       ^
clEnqueueNDRangeKernel failed: -52
      64	 256	      2048	     1.149 GigaMultsPerSecond
multiArrayAdd.cpp: In function ‘int main(int, char**)’:
multiArrayAdd.cpp:151:23: warning: deprecated conversion from string constant to ‘char*’ [-Wwrite-strings]
  char *options = { "" };
                       ^
clEnqueueNDRangeKernel failed: -52
      64	 256	      4096	     0.047 GigaMultsPerSecond
multiArrayAdd.cpp: In function ‘int main(int, char**)’:
multiArrayAdd.cpp:151:23: warning: deprecated conversion from string constant to ‘char*’ [-Wwrite-strings]
  char *options = { "" };
                       ^
clEnqueueNDRangeKernel failed: -52
      64	 256	      8192	     8.161 GigaMultsPerSecond
multiArrayAdd.cpp: In function ‘int main(int, char**)’:
multiArrayAdd.cpp:151:23: warning: deprecated conversion from string constant to ‘char*’ [-Wwrite-strings]
  char *options = { "" };
                       ^
clEnqueueNDRangeKernel failed: -52
      64	 256	     16384	    11.081 GigaMultsPerSecond
multiArrayAdd.cpp: In function ‘int main(int, char**)’:
multiArrayAdd.cpp:151:23: warning: deprecated conversion from string constant to ‘char*’ [-Wwrite-strings]
  char *options = { "" };
                       ^
clEnqueueNDRangeKernel failed: -54
      64	 256	     32767	   372.029 GigaMultsPerSecond
